{
  "stats": {
    "suites": 1,
    "tests": 3,
    "passes": 3,
    "pending": 0,
    "failures": 0,
    "start": "2023-08-06T18:28:26.933Z",
    "end": "2023-08-06T18:28:27.595Z",
    "duration": 662,
    "testsRegistered": 3,
    "passPercent": 100,
    "pendingPercent": 0,
    "other": 0,
    "hasOther": false,
    "skipped": 0,
    "hasSkipped": false
  },
  "results": [
    {
      "uuid": "18c9f2fc-2b0b-4516-bed2-460e2b8692a9",
      "title": "",
      "fullFile": "C:\\laragon\\www\\projects\\my-project\\test\\auth.test.js",
      "file": "\\test\\auth.test.js",
      "beforeHooks": [],
      "afterHooks": [],
      "tests": [],
      "suites": [
        {
          "uuid": "f08b8e04-2ca6-44a2-a225-fa332ba75cab",
          "title": "Auth api",
          "fullFile": "C:\\laragon\\www\\projects\\my-project\\test\\auth.test.js",
          "file": "\\test\\auth.test.js",
          "beforeHooks": [
            {
              "title": "\"before each\" hook in \"Auth api\"",
              "fullTitle": "Auth api \"before each\" hook in \"Auth api\"",
              "timedOut": false,
              "duration": 87,
              "state": null,
              "speed": null,
              "pass": false,
              "fail": false,
              "pending": false,
              "context": null,
              "code": "await db.migrate.latest()\nawait seedData()",
              "err": {},
              "uuid": "2ec55da9-40c8-4e3d-bcaf-cd2fbada632e",
              "parentUUID": "f08b8e04-2ca6-44a2-a225-fa332ba75cab",
              "isHook": true,
              "skipped": false
            }
          ],
          "afterHooks": [
            {
              "title": "\"after all\" hook in \"Auth api\"",
              "fullTitle": "Auth api \"after all\" hook in \"Auth api\"",
              "timedOut": false,
              "duration": 17,
              "state": null,
              "speed": null,
              "pass": false,
              "fail": false,
              "pending": false,
              "context": null,
              "code": "await db.migrate.rollback()",
              "err": {},
              "uuid": "076ed399-1d50-47c7-93a1-4daf972e9ca3",
              "parentUUID": "f08b8e04-2ca6-44a2-a225-fa332ba75cab",
              "isHook": true,
              "skipped": false
            }
          ],
          "tests": [
            {
              "title": "should success register user",
              "fullTitle": "Auth api should success register user",
              "timedOut": false,
              "duration": 105,
              "state": "passed",
              "speed": "slow",
              "pass": true,
              "fail": false,
              "pending": false,
              "context": null,
              "code": "const param = {\n    \"name\": \"Rina Pratama\",\n    \"email\": \"simantab@harakirimail.com\",\n    \"password\": \"rinapratama\"\n}\nchai\n    .request(API)\n    .post('/register')\n    .send(param)\n    .end(\n        (err, res) => {\n            expect(res).to.have.status(200);\n            expect(res.body).to.have.property('message')\n            expect(res.body.message).to.equal('Register successfully')\n            done();\n        }\n    );",
              "err": {},
              "uuid": "5aeae7c4-7590-405a-b4ab-6ee07d9a3025",
              "parentUUID": "f08b8e04-2ca6-44a2-a225-fa332ba75cab",
              "isHook": false,
              "skipped": false
            },
            {
              "title": "should return user info and token",
              "fullTitle": "Auth api should return user info and token",
              "timedOut": false,
              "duration": 77,
              "state": "passed",
              "speed": "slow",
              "pass": true,
              "fail": false,
              "pending": false,
              "context": null,
              "code": "const userParam = {\n    email: \"simantab@harakirimail.com\",\n    password: \"rinapratama\",\n};\nchai\n    .request(API)\n    .post('/login')\n    .send(userParam)\n    .end(\n        (err, res) => {\n            expect(res).to.have.status(200);\n            expect(res.body.data).to.be.an('object')\n            expect(res.body.data).to.have.property('user');\n            expect(res.body.data).to.have.property('token');\n            done()\n        }\n    );",
              "err": {},
              "uuid": "094587d1-24ad-458e-8250-2ee981c5456c",
              "parentUUID": "f08b8e04-2ca6-44a2-a225-fa332ba75cab",
              "isHook": false,
              "skipped": false
            },
            {
              "title": "should return user data",
              "fullTitle": "Auth api should return user data",
              "timedOut": false,
              "duration": 8,
              "state": "passed",
              "speed": "fast",
              "pass": true,
              "fail": false,
              "pending": false,
              "context": null,
              "code": "chai\n    .request(API)\n    .get(`/me`)\n    .set('Authorization', 'Bearer ' + token)\n    .end((err, res) => {\n        expect(res).to.have.status(200);\n        expect(res.body.data).to.be.an('object');\n        expect(res.body.data).to.have.property('id');\n        expect(res.body.data).to.have.property('name')\n        expect(res.body.data).to.have.property('email');\n        done();\n    })",
              "err": {},
              "uuid": "6c26567e-e3b8-445d-9938-b4d994ddbc6c",
              "parentUUID": "f08b8e04-2ca6-44a2-a225-fa332ba75cab",
              "isHook": false,
              "skipped": false
            }
          ],
          "suites": [],
          "passes": [
            "5aeae7c4-7590-405a-b4ab-6ee07d9a3025",
            "094587d1-24ad-458e-8250-2ee981c5456c",
            "6c26567e-e3b8-445d-9938-b4d994ddbc6c"
          ],
          "failures": [],
          "pending": [],
          "skipped": [],
          "duration": 190,
          "root": false,
          "rootEmpty": false,
          "_timeout": 2000
        }
      ],
      "passes": [],
      "failures": [],
      "pending": [],
      "skipped": [],
      "duration": 0,
      "root": true,
      "rootEmpty": true,
      "_timeout": 2000
    }
  ],
  "meta": {
    "mocha": {
      "version": "10.2.0"
    },
    "mochawesome": {
      "options": {
        "quiet": false,
        "reportFilename": "mochawesome",
        "saveHtml": true,
        "saveJson": true,
        "consoleReporter": "spec",
        "useInlineDiffs": false,
        "code": true
      },
      "version": "7.1.3"
    },
    "marge": {
      "options": {
        "reportDir": "./test/reports"
      },
      "version": "6.2.0"
    }
  }
}